#! /usr/bin/vvp
:ivl_version "12.0 (stable)";
:ivl_delay_selection "TYPICAL";
:vpi_time_precision + 0;
:vpi_module "/usr/lib/x86_64-linux-gnu/ivl/system.vpi";
:vpi_module "/usr/lib/x86_64-linux-gnu/ivl/vhdl_sys.vpi";
:vpi_module "/usr/lib/x86_64-linux-gnu/ivl/vhdl_textio.vpi";
:vpi_module "/usr/lib/x86_64-linux-gnu/ivl/v2005_math.vpi";
:vpi_module "/usr/lib/x86_64-linux-gnu/ivl/va_math.vpi";
S_0x5be620f3d3b0 .scope module, "encode8to3_tb" "encode8to3_tb" 2 1;
 .timescale 0 0;
v0x5be620f59df0_0 .var "a", 0 0;
v0x5be620f59eb0_0 .var "b", 0 0;
v0x5be620f59f50_0 .var "c", 0 0;
v0x5be620f5a050_0 .var "d", 0 0;
v0x5be620f5a120_0 .var "e", 0 0;
v0x5be620f5a1c0_0 .var "f", 0 0;
v0x5be620f5a290_0 .var "g", 0 0;
v0x5be620f5a360_0 .var "h", 0 0;
v0x5be620f5a430_0 .net "x", 0 0, L_0x5be620f5a830;  1 drivers
v0x5be620f5a500_0 .net "y", 0 0, L_0x5be620f5ab40;  1 drivers
v0x5be620f5a5d0_0 .net "z", 0 0, L_0x5be620f5ae10;  1 drivers
S_0x5be620f3d540 .scope module, "e1" "encode8to3" 2 4, 3 1 0, S_0x5be620f3d3b0;
 .timescale 0 0;
    .port_info 0 /INPUT 1 "a";
    .port_info 1 /INPUT 1 "b";
    .port_info 2 /INPUT 1 "c";
    .port_info 3 /INPUT 1 "d";
    .port_info 4 /INPUT 1 "e";
    .port_info 5 /INPUT 1 "f";
    .port_info 6 /INPUT 1 "g";
    .port_info 7 /INPUT 1 "h";
    .port_info 8 /OUTPUT 1 "x";
    .port_info 9 /OUTPUT 1 "y";
    .port_info 10 /OUTPUT 1 "z";
L_0x5be620f2dee0 .functor OR 1, v0x5be620f59df0_0, v0x5be620f59eb0_0, C4<0>, C4<0>;
L_0x5be620f5a720 .functor OR 1, L_0x5be620f2dee0, v0x5be620f59f50_0, C4<0>, C4<0>;
L_0x5be620f5a830 .functor OR 1, L_0x5be620f5a720, v0x5be620f5a050_0, C4<0>, C4<0>;
L_0x5be620f5a990 .functor OR 1, v0x5be620f59df0_0, v0x5be620f59eb0_0, C4<0>, C4<0>;
L_0x5be620f5aa30 .functor OR 1, L_0x5be620f5a990, v0x5be620f5a120_0, C4<0>, C4<0>;
L_0x5be620f5ab40 .functor OR 1, L_0x5be620f5aa30, v0x5be620f5a1c0_0, C4<0>, C4<0>;
L_0x5be620f5ace0 .functor OR 1, v0x5be620f59df0_0, v0x5be620f59f50_0, C4<0>, C4<0>;
L_0x5be620f5ad50 .functor OR 1, L_0x5be620f5ace0, v0x5be620f5a120_0, C4<0>, C4<0>;
L_0x5be620f5ae10 .functor OR 1, L_0x5be620f5ad50, v0x5be620f5a290_0, C4<0>, C4<0>;
v0x5be620f2fdf0_0 .net *"_ivl_0", 0 0, L_0x5be620f2dee0;  1 drivers
v0x5be620f58f60_0 .net *"_ivl_12", 0 0, L_0x5be620f5ace0;  1 drivers
v0x5be620f59040_0 .net *"_ivl_14", 0 0, L_0x5be620f5ad50;  1 drivers
v0x5be620f59100_0 .net *"_ivl_2", 0 0, L_0x5be620f5a720;  1 drivers
v0x5be620f591e0_0 .net *"_ivl_6", 0 0, L_0x5be620f5a990;  1 drivers
v0x5be620f59310_0 .net *"_ivl_8", 0 0, L_0x5be620f5aa30;  1 drivers
v0x5be620f593f0_0 .net "a", 0 0, v0x5be620f59df0_0;  1 drivers
v0x5be620f594b0_0 .net "b", 0 0, v0x5be620f59eb0_0;  1 drivers
v0x5be620f59570_0 .net "c", 0 0, v0x5be620f59f50_0;  1 drivers
v0x5be620f59630_0 .net "d", 0 0, v0x5be620f5a050_0;  1 drivers
v0x5be620f596f0_0 .net "e", 0 0, v0x5be620f5a120_0;  1 drivers
v0x5be620f597b0_0 .net "f", 0 0, v0x5be620f5a1c0_0;  1 drivers
v0x5be620f59870_0 .net "g", 0 0, v0x5be620f5a290_0;  1 drivers
v0x5be620f59930_0 .net "h", 0 0, v0x5be620f5a360_0;  1 drivers
v0x5be620f599f0_0 .net "x", 0 0, L_0x5be620f5a830;  alias, 1 drivers
v0x5be620f59ab0_0 .net "y", 0 0, L_0x5be620f5ab40;  alias, 1 drivers
v0x5be620f59b70_0 .net "z", 0 0, L_0x5be620f5ae10;  alias, 1 drivers
    .scope S_0x5be620f3d3b0;
T_0 ;
    %pushi/vec4 1, 0, 8;
    %split/vec4 1;
    %store/vec4 v0x5be620f5a360_0, 0, 1;
    %split/vec4 1;
    %store/vec4 v0x5be620f5a290_0, 0, 1;
    %split/vec4 1;
    %store/vec4 v0x5be620f5a1c0_0, 0, 1;
    %split/vec4 1;
    %store/vec4 v0x5be620f5a120_0, 0, 1;
    %split/vec4 1;
    %store/vec4 v0x5be620f5a050_0, 0, 1;
    %split/vec4 1;
    %store/vec4 v0x5be620f59f50_0, 0, 1;
    %split/vec4 1;
    %store/vec4 v0x5be620f59eb0_0, 0, 1;
    %store/vec4 v0x5be620f59df0_0, 0, 1;
    %delay 10, 0;
    %pushi/vec4 2, 0, 8;
    %split/vec4 1;
    %store/vec4 v0x5be620f5a360_0, 0, 1;
    %split/vec4 1;
    %store/vec4 v0x5be620f5a290_0, 0, 1;
    %split/vec4 1;
    %store/vec4 v0x5be620f5a1c0_0, 0, 1;
    %split/vec4 1;
    %store/vec4 v0x5be620f5a120_0, 0, 1;
    %split/vec4 1;
    %store/vec4 v0x5be620f5a050_0, 0, 1;
    %split/vec4 1;
    %store/vec4 v0x5be620f59f50_0, 0, 1;
    %split/vec4 1;
    %store/vec4 v0x5be620f59eb0_0, 0, 1;
    %store/vec4 v0x5be620f59df0_0, 0, 1;
    %delay 10, 0;
    %pushi/vec4 4, 0, 8;
    %split/vec4 1;
    %store/vec4 v0x5be620f5a360_0, 0, 1;
    %split/vec4 1;
    %store/vec4 v0x5be620f5a290_0, 0, 1;
    %split/vec4 1;
    %store/vec4 v0x5be620f5a1c0_0, 0, 1;
    %split/vec4 1;
    %store/vec4 v0x5be620f5a120_0, 0, 1;
    %split/vec4 1;
    %store/vec4 v0x5be620f5a050_0, 0, 1;
    %split/vec4 1;
    %store/vec4 v0x5be620f59f50_0, 0, 1;
    %split/vec4 1;
    %store/vec4 v0x5be620f59eb0_0, 0, 1;
    %store/vec4 v0x5be620f59df0_0, 0, 1;
    %delay 10, 0;
    %pushi/vec4 8, 0, 8;
    %split/vec4 1;
    %store/vec4 v0x5be620f5a360_0, 0, 1;
    %split/vec4 1;
    %store/vec4 v0x5be620f5a290_0, 0, 1;
    %split/vec4 1;
    %store/vec4 v0x5be620f5a1c0_0, 0, 1;
    %split/vec4 1;
    %store/vec4 v0x5be620f5a120_0, 0, 1;
    %split/vec4 1;
    %store/vec4 v0x5be620f5a050_0, 0, 1;
    %split/vec4 1;
    %store/vec4 v0x5be620f59f50_0, 0, 1;
    %split/vec4 1;
    %store/vec4 v0x5be620f59eb0_0, 0, 1;
    %store/vec4 v0x5be620f59df0_0, 0, 1;
    %delay 10, 0;
    %pushi/vec4 16, 0, 8;
    %split/vec4 1;
    %store/vec4 v0x5be620f5a360_0, 0, 1;
    %split/vec4 1;
    %store/vec4 v0x5be620f5a290_0, 0, 1;
    %split/vec4 1;
    %store/vec4 v0x5be620f5a1c0_0, 0, 1;
    %split/vec4 1;
    %store/vec4 v0x5be620f5a120_0, 0, 1;
    %split/vec4 1;
    %store/vec4 v0x5be620f5a050_0, 0, 1;
    %split/vec4 1;
    %store/vec4 v0x5be620f59f50_0, 0, 1;
    %split/vec4 1;
    %store/vec4 v0x5be620f59eb0_0, 0, 1;
    %store/vec4 v0x5be620f59df0_0, 0, 1;
    %delay 10, 0;
    %pushi/vec4 32, 0, 8;
    %split/vec4 1;
    %store/vec4 v0x5be620f5a360_0, 0, 1;
    %split/vec4 1;
    %store/vec4 v0x5be620f5a290_0, 0, 1;
    %split/vec4 1;
    %store/vec4 v0x5be620f5a1c0_0, 0, 1;
    %split/vec4 1;
    %store/vec4 v0x5be620f5a120_0, 0, 1;
    %split/vec4 1;
    %store/vec4 v0x5be620f5a050_0, 0, 1;
    %split/vec4 1;
    %store/vec4 v0x5be620f59f50_0, 0, 1;
    %split/vec4 1;
    %store/vec4 v0x5be620f59eb0_0, 0, 1;
    %store/vec4 v0x5be620f59df0_0, 0, 1;
    %delay 10, 0;
    %pushi/vec4 64, 0, 8;
    %split/vec4 1;
    %store/vec4 v0x5be620f5a360_0, 0, 1;
    %split/vec4 1;
    %store/vec4 v0x5be620f5a290_0, 0, 1;
    %split/vec4 1;
    %store/vec4 v0x5be620f5a1c0_0, 0, 1;
    %split/vec4 1;
    %store/vec4 v0x5be620f5a120_0, 0, 1;
    %split/vec4 1;
    %store/vec4 v0x5be620f5a050_0, 0, 1;
    %split/vec4 1;
    %store/vec4 v0x5be620f59f50_0, 0, 1;
    %split/vec4 1;
    %store/vec4 v0x5be620f59eb0_0, 0, 1;
    %store/vec4 v0x5be620f59df0_0, 0, 1;
    %delay 10, 0;
    %pushi/vec4 128, 0, 8;
    %split/vec4 1;
    %store/vec4 v0x5be620f5a360_0, 0, 1;
    %split/vec4 1;
    %store/vec4 v0x5be620f5a290_0, 0, 1;
    %split/vec4 1;
    %store/vec4 v0x5be620f5a1c0_0, 0, 1;
    %split/vec4 1;
    %store/vec4 v0x5be620f5a120_0, 0, 1;
    %split/vec4 1;
    %store/vec4 v0x5be620f5a050_0, 0, 1;
    %split/vec4 1;
    %store/vec4 v0x5be620f59f50_0, 0, 1;
    %split/vec4 1;
    %store/vec4 v0x5be620f59eb0_0, 0, 1;
    %store/vec4 v0x5be620f59df0_0, 0, 1;
    %delay 10, 0;
    %end;
    .thread T_0;
    .scope S_0x5be620f3d3b0;
T_1 ;
    %vpi_call 2 16 "$monitor", "Time=%0t  :a=%b,b=%b,c=%b,d=%b,e=%b,f=%b,g=%b,h=%b,x=%b,y=%b,z=%b", $time, v0x5be620f59df0_0, v0x5be620f59eb0_0, v0x5be620f59f50_0, v0x5be620f5a050_0, v0x5be620f5a120_0, v0x5be620f5a1c0_0, v0x5be620f5a290_0, v0x5be620f5a360_0, v0x5be620f5a430_0, v0x5be620f5a500_0, v0x5be620f5a5d0_0 {0 0 0};
    %delay 100, 0;
    %vpi_call 2 18 "$finish" {0 0 0};
    %end;
    .thread T_1;
# The file index is used to find the file name in the following table.
:file_names 4;
    "N/A";
    "<interactive>";
    "8to3_encode_tb.v";
    "8to3_encode.v";
